<?xml version="1.0" encoding="UTF-8"?>

<beans xmlns="http://www.springframework.org/schema/beans"
       xmlns:xsi="http://www.w3.org/2001/XMLSchema-instance"
       xsi:schemaLocation="http://www.springframework.org/schema/beans http://www.springframework.org/schema/beans/spring-beans.xsd">

    <bean class="org.springframework.context.support.PropertySourcesPlaceholderConfigurer">
        <property name="location" value="clients.properties"/>
    </bean>


    <bean id="savingAccount1" class="com.luxoft.bankapp.model.SavingAccount">
        <constructor-arg value="${client1.savingAccount}"/>
    </bean>
    <bean id="checkingAccount1" class="com.luxoft.bankapp.model.CheckingAccount">
        <constructor-arg value="${client1.checkingAccount}"/>
    </bean>
    <bean id="checkingAccount2" class="com.luxoft.bankapp.model.CheckingAccount">
        <constructor-arg value="${client2.checkingAccount}"/>
    </bean>

    <bean id="client1" class="com.luxoft.bankapp.model.Client">
        <property name="name" value="${client1}"/>
        <property name="gender" value="MALE"/>
        <property name="repository" ref="repository"/>
        <property name="accounts">
            <list>
                <ref bean="savingAccount1"/>
                <ref bean="checkingAccount1"/>
            </list>
        </property>
        <property name="city" value="${client1.city}"/>
    </bean>

    <bean id="client2" class="com.luxoft.bankapp.model.Client">
        <property name="name" value="${client2}"/>
        <property name="gender" value="MALE"/>
        <property name="repository" ref="repository"/>
        <property name="accounts">
            <list>
                <ref bean="checkingAccount2"/>
            </list>
        </property>
        <property name="city" value="${client2.city}"/>
    </bean>


    <import resource="application-context.xml"/>

</beans>